C51 COMPILER V9.54   MAIN                                                                  09/25/2018 15:55:22 PAGE 1   


C51 COMPILER V9.54, COMPILATION OF MODULE MAIN
OBJECT MODULE PLACED IN .\Objects\main.obj
COMPILER INVOKED BY: d:\Keil_v5\C51\BIN\C51.EXE main.c OPTIMIZE(8,SPEED) BROWSE INCDIR(..\ST75256_25632) DEBUG OBJECTEXT
                    -END PRINT(.\Listings\main.lst) TABS(2) OBJECT(.\Objects\main.obj)

line level    source

   1          #include "SPI_ST75256.h"
   2          
   3          void main(void)
   4          {
   5   1          ST75256_Init();     //≥ı ºªØOLED  
   6   1          ST75256_ShowString(0,0,"Zeng Hui LCD TEST");
   7   1          ST75256_ShowString(0,1,"2018-09-25");
   8   1          ST75256_ShowString(0,2,"ABCDEFGHIJKLMNOPQRSTUVWXYZabcdefghijkimnopqrstuvwxyz");
   9   1      
  10   1        while(1);
  11   1      }
  12            


MODULE INFORMATION:   STATIC OVERLAYABLE
   CODE SIZE        =     43    ----
   CONSTANT SIZE    =     82    ----
   XDATA SIZE       =   ----    ----
   PDATA SIZE       =   ----    ----
   DATA SIZE        =   ----    ----
   IDATA SIZE       =   ----    ----
   BIT SIZE         =   ----    ----
END OF MODULE INFORMATION.


C51 COMPILATION COMPLETE.  0 WARNING(S),  0 ERROR(S)
